Started GET "/" for ::1 at 2021-03-17 19:09:02 +0100
  
ActiveRecord::ConnectionNotEstablished (could not connect to server: No such file or directory
	Is the server running locally and accepting
	connections on Unix domain socket "/tmp/.s.PGSQL.5432"?
):
  
activerecord (6.1.3) lib/active_record/connection_adapters/postgresql_adapter.rb:83:in `rescue in new_client'
activerecord (6.1.3) lib/active_record/connection_adapters/postgresql_adapter.rb:77:in `new_client'
activerecord (6.1.3) lib/active_record/connection_adapters/postgresql_adapter.rb:37:in `postgresql_connection'
activerecord (6.1.3) lib/active_record/connection_adapters/abstract/connection_pool.rb:882:in `public_send'
activerecord (6.1.3) lib/active_record/connection_adapters/abstract/connection_pool.rb:882:in `new_connection'
activerecord (6.1.3) lib/active_record/connection_adapters/abstract/connection_pool.rb:926:in `checkout_new_connection'
activerecord (6.1.3) lib/active_record/connection_adapters/abstract/connection_pool.rb:905:in `try_to_checkout_new_connection'
activerecord (6.1.3) lib/active_record/connection_adapters/abstract/connection_pool.rb:866:in `acquire_connection'
activerecord (6.1.3) lib/active_record/connection_adapters/abstract/connection_pool.rb:588:in `checkout'
activerecord (6.1.3) lib/active_record/connection_adapters/abstract/connection_pool.rb:428:in `connection'
activerecord (6.1.3) lib/active_record/connection_adapters/abstract/connection_pool.rb:1128:in `retrieve_connection'
activerecord (6.1.3) lib/active_record/connection_handling.rb:327:in `retrieve_connection'
activerecord (6.1.3) lib/active_record/connection_handling.rb:283:in `connection'
activerecord (6.1.3) lib/active_record/migration.rb:611:in `connection'
activerecord (6.1.3) lib/active_record/migration.rb:606:in `build_watcher'
activerecord (6.1.3) lib/active_record/migration.rb:588:in `block in call'
activerecord (6.1.3) lib/active_record/migration.rb:587:in `synchronize'
activerecord (6.1.3) lib/active_record/migration.rb:587:in `call'
actionpack (6.1.3) lib/action_dispatch/middleware/callbacks.rb:27:in `block in call'
activesupport (6.1.3) lib/active_support/callbacks.rb:98:in `run_callbacks'
actionpack (6.1.3) lib/action_dispatch/middleware/callbacks.rb:26:in `call'
actionpack (6.1.3) lib/action_dispatch/middleware/executor.rb:14:in `call'
actionpack (6.1.3) lib/action_dispatch/middleware/actionable_exceptions.rb:18:in `call'
actionpack (6.1.3) lib/action_dispatch/middleware/debug_exceptions.rb:29:in `call'
web-console (4.1.0) lib/web_console/middleware.rb:132:in `call_app'
web-console (4.1.0) lib/web_console/middleware.rb:28:in `block in call'
web-console (4.1.0) lib/web_console/middleware.rb:17:in `catch'
web-console (4.1.0) lib/web_console/middleware.rb:17:in `call'
actionpack (6.1.3) lib/action_dispatch/middleware/show_exceptions.rb:33:in `call'
railties (6.1.3) lib/rails/rack/logger.rb:37:in `call_app'
railties (6.1.3) lib/rails/rack/logger.rb:26:in `block in call'
activesupport (6.1.3) lib/active_support/tagged_logging.rb:99:in `block in tagged'
activesupport (6.1.3) lib/active_support/tagged_logging.rb:37:in `tagged'
activesupport (6.1.3) lib/active_support/tagged_logging.rb:99:in `tagged'
railties (6.1.3) lib/rails/rack/logger.rb:26:in `call'
actionpack (6.1.3) lib/action_dispatch/middleware/remote_ip.rb:81:in `call'
actionpack (6.1.3) lib/action_dispatch/middleware/request_id.rb:26:in `call'
rack (2.2.3) lib/rack/method_override.rb:24:in `call'
rack (2.2.3) lib/rack/runtime.rb:22:in `call'
activesupport (6.1.3) lib/active_support/cache/strategy/local_cache_middleware.rb:29:in `call'
actionpack (6.1.3) lib/action_dispatch/middleware/executor.rb:14:in `call'
actionpack (6.1.3) lib/action_dispatch/middleware/static.rb:24:in `call'
rack (2.2.3) lib/rack/sendfile.rb:110:in `call'
actionpack (6.1.3) lib/action_dispatch/middleware/host_authorization.rb:98:in `call'
rack-mini-profiler (2.3.1) lib/mini_profiler/profiler.rb:373:in `call'
railties (6.1.3) lib/rails/engine.rb:539:in `call'
puma (5.2.2) lib/puma/configuration.rb:248:in `call'
puma (5.2.2) lib/puma/request.rb:76:in `block in handle_request'
puma (5.2.2) lib/puma/thread_pool.rb:337:in `with_force_shutdown'
puma (5.2.2) lib/puma/request.rb:75:in `handle_request'
puma (5.2.2) lib/puma/server.rb:431:in `process_client'
puma (5.2.2) lib/puma/thread_pool.rb:145:in `block in spawn_thread'
  [1m[35m (663.8ms)[0m  [1m[35mCREATE DATABASE "samelevel_development" ENCODING = 'unicode'[0m
  [1m[35m (1.5ms)[0m  [1m[35mCREATE DATABASE "samelevel_development" ENCODING = 'unicode'[0m
  [1m[35m (1.5ms)[0m  [1m[35mCREATE DATABASE "samelevel_development" ENCODING = 'unicode'[0m
  [1m[35m (1.4ms)[0m  [1m[35mCREATE DATABASE "samelevel_development" ENCODING = 'unicode'[0m
  [1m[35m (1.9ms)[0m  [1m[35mCREATE DATABASE "samelevel_development" ENCODING = 'unicode'[0m
  [1m[35m (1.5ms)[0m  [1m[35mCREATE DATABASE "cqrs-es-sample-with-res" ENCODING = 'unicode'[0m
  [1m[35m (1.3ms)[0m  [1m[35mCREATE DATABASE "cqrs-es-sample-with-res" ENCODING = 'unicode'[0m
  [1m[35m (704.7ms)[0m  [1m[35mCREATE DATABASE "same_level" ENCODING = 'unicode'[0m
  [1m[35m (1.4ms)[0m  [1m[35mCREATE DATABASE "same_level" ENCODING = 'unicode'[0m
  [1m[35m (1.7ms)[0m  [1m[35mCREATE DATABASE "same_level" ENCODING = 'unicode'[0m
  [1m[35m (665.6ms)[0m  [1m[35mCREATE DATABASE "same_level" ENCODING = 'unicode'[0m
  [1m[35m (1.4ms)[0m  [1m[35mCREATE DATABASE "samelevel" ENCODING = 'unicode'[0m
  [1m[35m (1.3ms)[0m  [1m[35mCREATE DATABASE "samelevel" ENCODING = 'unicode'[0m
  [1m[35m (1.7ms)[0m  [1m[35mCREATE DATABASE "samelevel" ENCODING = 'unicode'[0m
  [1m[35m (352.2ms)[0m  [1m[35mDROP DATABASE IF EXISTS "samelevel"[0m
  [1m[35m (1.1ms)[0m  [1m[35mDROP DATABASE IF EXISTS "samelevel_development"[0m
  [1m[35m (0.8ms)[0m  [1m[35mDROP DATABASE IF EXISTS "samelevel_test"[0m
  [1m[35m (718.3ms)[0m  [1m[35mCREATE DATABASE "samelevel_development" ENCODING = 'unicode'[0m
  [1m[35m (700.1ms)[0m  [1m[35mCREATE DATABASE "samelevel_test" ENCODING = 'unicode'[0m
Started GET "/" for ::1 at 2021-03-17 20:08:20 +0100
Processing by YoController#yo as HTML
  Rendering layout layouts/application.html.erb
  Rendering yo/yo.html.erb within layouts/application
  Rendered yo/yo.html.erb within layouts/application (Duration: 0.5ms | Allocations: 266)
  Rendered layout layouts/application.html.erb (Duration: 2.4ms | Allocations: 735)
Completed 200 OK in 5ms (Views: 3.8ms | ActiveRecord: 0.0ms | Allocations: 2434)


Started GET "/stylesheets/application.css" for ::1 at 2021-03-17 20:08:20 +0100
  
ActionController::RoutingError (No route matches [GET] "/stylesheets/application.css"):
  
Started GET "/" for ::1 at 2021-03-17 20:08:21 +0100
Processing by YoController#yo as HTML
  Rendering layout layouts/application.html.erb
  Rendering yo/yo.html.erb within layouts/application
  Rendered yo/yo.html.erb within layouts/application (Duration: 0.2ms | Allocations: 36)
  Rendered layout layouts/application.html.erb (Duration: 1.5ms | Allocations: 357)
Completed 200 OK in 3ms (Views: 2.4ms | ActiveRecord: 0.0ms | Allocations: 665)


Started GET "/" for ::1 at 2021-03-17 20:08:22 +0100
Processing by YoController#yo as HTML
  Rendering layout layouts/application.html.erb
  Rendering yo/yo.html.erb within layouts/application
  Rendered yo/yo.html.erb within layouts/application (Duration: 0.2ms | Allocations: 36)
  Rendered layout layouts/application.html.erb (Duration: 1.9ms | Allocations: 322)
Completed 200 OK in 3ms (Views: 2.5ms | ActiveRecord: 0.0ms | Allocations: 556)


Started GET "/" for ::1 at 2021-03-17 20:08:22 +0100
Processing by YoController#yo as HTML
  Rendering layout layouts/application.html.erb
  Rendering yo/yo.html.erb within layouts/application
  Rendered yo/yo.html.erb within layouts/application (Duration: 0.1ms | Allocations: 36)
  Rendered layout layouts/application.html.erb (Duration: 1.3ms | Allocations: 321)
Completed 200 OK in 2ms (Views: 2.0ms | ActiveRecord: 0.0ms | Allocations: 550)


Started GET "/" for ::1 at 2021-03-17 20:08:23 +0100
Processing by YoController#yo as HTML
  Rendering layout layouts/application.html.erb
  Rendering yo/yo.html.erb within layouts/application
  Rendered yo/yo.html.erb within layouts/application (Duration: 0.2ms | Allocations: 36)
  Rendered layout layouts/application.html.erb (Duration: 1.2ms | Allocations: 322)
Completed 200 OK in 2ms (Views: 1.8ms | ActiveRecord: 0.0ms | Allocations: 556)


